23:19:44.815 [ INFO] maestro.cli.report.TestDebugReporter.logSystemInfo: Debug output path: /Users/nan/Work/ai/vault/apps/ios/screenshots/raw
23:19:44.817 [ INFO] MAESTRO.logSystemInfo: ---- System Info ----
23:19:44.817 [ INFO] MAESTRO.logSystemInfo: Maestro Version: 2.1.0
23:19:44.818 [ INFO] MAESTRO.logSystemInfo: CI: Undefined
23:19:44.818 [ INFO] MAESTRO.logSystemInfo: OS Name: Mac OS X
23:19:44.818 [ INFO] MAESTRO.logSystemInfo: OS Version: 26.2
23:19:44.818 [ INFO] MAESTRO.logSystemInfo: Architecture: aarch64
23:19:44.819 [ INFO] MAESTRO.logSystemInfo: Java Version: 17
23:19:44.867 [ INFO] MAESTRO.logSystemInfo: Xcode Version: 26.3
23:19:44.870 [ INFO] MAESTRO.logSystemInfo: Flutter Version: Undefined
23:19:44.873 [ INFO] MAESTRO.logSystemInfo: Flutter Channel: Undefined
23:19:44.873 [ INFO] MAESTRO.logSystemInfo: ---------------------
23:19:45.124 [DEBUG] io.micrometer.common.util.internal.logging.InternalLoggerFactory.newDefaultFactory: Using SLF4J as the default logging framework
23:19:45.435 [ INFO] maestro.cli.command.TestCommand.runShardSuite: [shard 1] Selected device E9031050-51BF-4E37-B96C-E72B1E048C37 using port 7001 with execution plan ExecutionPlan(flowsToRun=[/Users/nan/Work/ai/vault/apps/ios/maestro/flows/screenshots/test_screenshot.yaml], sequence=FlowSequence(flows=[], continueOnFailure=true), workspaceConfig=WorkspaceConfig(flows=null, includeTags=null, excludeTags=null, executionOrder=null, baselineBranch=null, notifications=null, disableRetries=false, platform=PlatformConfiguration(android=AndroidConfiguration(disableAnimations=false), ios=IOSConfiguration(disableAnimations=false, snapshotKeyHonorModalViews=null)), testOutputDir=null))
23:19:45.615 [TRACE] ios.xctest.XCTestIOSDevice.open: Opening a connection
23:19:45.615 [TRACE] xcuitest.XCTestDriverClient.restartXCTestRunner: Restarting XCTest Runner (uninstalling, installing and starting)
23:19:45.615 [ INFO] xcuitest.installer.LocalXCTestInstaller.xcTestDriverStatusCheck: [Start] Perform XCUITest driver status check on E9031050-51BF-4E37-B96C-E72B1E048C37
23:19:45.616 [ INFO] xcuitest.installer.LocalXCTestInstaller.xcTestDriverStatusCheck: [Failed] Perform XCUITest driver status check on E9031050-51BF-4E37-B96C-E72B1E048C37, exception: java.net.ConnectException: Failed to connect to /127.0.0.1:7001
23:19:45.616 [TRACE] xcuitest.XCTestDriverClient.restartXCTestRunner: XCTest Runner uninstalled, will install and start it
23:19:45.617 [ INFO] xcuitest.installer.LocalXCTestInstaller.start$lambda$3: start()
23:19:45.617 [ INFO] xcuitest.installer.LocalXCTestInstaller.start$lambda$3: [Start] Install XCUITest runner on E9031050-51BF-4E37-B96C-E72B1E048C37
23:19:45.617 [ INFO] xcuitest.installer.LocalXCTestInstaller.xcTestDriverStatusCheck: [Start] Perform XCUITest driver status check on E9031050-51BF-4E37-B96C-E72B1E048C37
23:19:45.617 [ INFO] xcuitest.installer.LocalXCTestInstaller.xcTestDriverStatusCheck: [Failed] Perform XCUITest driver status check on E9031050-51BF-4E37-B96C-E72B1E048C37, exception: java.net.ConnectException: Failed to connect to /127.0.0.1:7001
23:19:45.617 [ INFO] xcuitest.installer.IOSBuildProductsExtractor.extract: [Start] Writing build products
23:19:45.647 [ INFO] xcuitest.installer.IOSBuildProductsExtractor.extract: [Done] Writing build products
23:19:45.647 [ INFO] xcuitest.installer.IOSBuildProductsExtractor.extract: [Start] Writing maestro-driver-iosUITests-Runner app
23:19:45.751 [ INFO] xcuitest.installer.IOSBuildProductsExtractor.extract: [Done] Writing maestro-driver-iosUITests-Runner app
23:19:45.751 [ INFO] xcuitest.installer.IOSBuildProductsExtractor.extract: [Start] Writing maestro-driver-ios app
23:19:45.756 [ INFO] xcuitest.installer.IOSBuildProductsExtractor.extract: [Done] Writing maestro-driver-ios app
23:19:45.756 [ INFO] xcuitest.installer.LocalXCTestInstaller.startXCTestRunner: Installing driver with xcodebuild
23:19:45.757 [ INFO] xcuitest.installer.LocalXCTestInstaller.startXCTestRunner: [Start] Running XcUITest with `xcodebuild test-without-building` with 7001 and config: IOSDriverConfig(prebuiltRunner=false, sourceDirectory=driver-iPhoneSimulator, context=CLI, snapshotKeyHonorModalViews=null)
23:19:45.761 [ INFO] util.CommandLineUtils.runCommand: Running command line operation: [xcodebuild, test-without-building, -xctestrun, /var/folders/2q/mkv7wct11y115pz46vqnf5c80000gn/T/E9031050-51BF-4E37-B96C-E72B1E048C3717567605645114100368/maestro-driver-ios-config.xctestrun, -destination, id=E9031050-51BF-4E37-B96C-E72B1E048C37, -derivedDataPath, /var/folders/2q/mkv7wct11y115pz46vqnf5c80000gn/T/maestro_xctestrunner_xcodebuild_output10043848688276379184] with {TEST_RUNNER_PORT=7001}
23:19:45.765 [ INFO] xcuitest.installer.LocalXCTestInstaller.startXCTestRunner: [Done] Running XcUITest with `xcodebuild test-without-building`
23:19:45.765 [ INFO] xcuitest.installer.LocalXCTestInstaller.start$lambda$3: [Done] Install XCUITest runner on E9031050-51BF-4E37-B96C-E72B1E048C37
23:19:45.765 [ INFO] xcuitest.installer.LocalXCTestInstaller.xcTestDriverStatusCheck: [Start] Perform XCUITest driver status check on E9031050-51BF-4E37-B96C-E72B1E048C37
23:19:45.766 [ INFO] xcuitest.installer.LocalXCTestInstaller.xcTestDriverStatusCheck: [Failed] Perform XCUITest driver status check on E9031050-51BF-4E37-B96C-E72B1E048C37, exception: java.net.ConnectException: Failed to connect to /127.0.0.1:7001
23:19:46.269 [ INFO] xcuitest.installer.LocalXCTestInstaller.xcTestDriverStatusCheck: [Start] Perform XCUITest driver status check on E9031050-51BF-4E37-B96C-E72B1E048C37
23:19:46.270 [ INFO] xcuitest.installer.LocalXCTestInstaller.xcTestDriverStatusCheck: [Failed] Perform XCUITest driver status check on E9031050-51BF-4E37-B96C-E72B1E048C37, exception: java.net.ConnectException: Failed to connect to /127.0.0.1:7001
23:19:46.771 [ INFO] xcuitest.installer.LocalXCTestInstaller.xcTestDriverStatusCheck: [Start] Perform XCUITest driver status check on E9031050-51BF-4E37-B96C-E72B1E048C37
23:19:46.771 [ INFO] xcuitest.installer.LocalXCTestInstaller.xcTestDriverStatusCheck: [Failed] Perform XCUITest driver status check on E9031050-51BF-4E37-B96C-E72B1E048C37, exception: java.net.ConnectException: Failed to connect to /127.0.0.1:7001
23:19:47.273 [ INFO] xcuitest.installer.LocalXCTestInstaller.xcTestDriverStatusCheck: [Start] Perform XCUITest driver status check on E9031050-51BF-4E37-B96C-E72B1E048C37
23:19:47.274 [ INFO] xcuitest.installer.LocalXCTestInstaller.xcTestDriverStatusCheck: [Failed] Perform XCUITest driver status check on E9031050-51BF-4E37-B96C-E72B1E048C37, exception: java.net.ConnectException: Failed to connect to /127.0.0.1:7001
23:19:47.779 [ INFO] xcuitest.installer.LocalXCTestInstaller.xcTestDriverStatusCheck: [Start] Perform XCUITest driver status check on E9031050-51BF-4E37-B96C-E72B1E048C37
23:19:47.780 [ INFO] xcuitest.installer.LocalXCTestInstaller.xcTestDriverStatusCheck: [Failed] Perform XCUITest driver status check on E9031050-51BF-4E37-B96C-E72B1E048C37, exception: java.net.ConnectException: Failed to connect to /127.0.0.1:7001
23:19:48.283 [ INFO] xcuitest.installer.LocalXCTestInstaller.xcTestDriverStatusCheck: [Start] Perform XCUITest driver status check on E9031050-51BF-4E37-B96C-E72B1E048C37
23:19:48.284 [ INFO] xcuitest.installer.LocalXCTestInstaller.xcTestDriverStatusCheck: [Failed] Perform XCUITest driver status check on E9031050-51BF-4E37-B96C-E72B1E048C37, exception: java.net.ConnectException: Failed to connect to /127.0.0.1:7001
23:19:48.790 [ INFO] xcuitest.installer.LocalXCTestInstaller.xcTestDriverStatusCheck: [Start] Perform XCUITest driver status check on E9031050-51BF-4E37-B96C-E72B1E048C37
23:19:48.791 [ INFO] xcuitest.installer.LocalXCTestInstaller.xcTestDriverStatusCheck: [Failed] Perform XCUITest driver status check on E9031050-51BF-4E37-B96C-E72B1E048C37, exception: java.net.ConnectException: Failed to connect to /127.0.0.1:7001
23:19:49.294 [ INFO] xcuitest.installer.LocalXCTestInstaller.xcTestDriverStatusCheck: [Start] Perform XCUITest driver status check on E9031050-51BF-4E37-B96C-E72B1E048C37
23:19:49.312 [ INFO] xcuitest.installer.LocalXCTestInstaller.xcTestDriverStatusCheck: [Done] Perform XCUITest driver status check on E9031050-51BF-4E37-B96C-E72B1E048C37
23:19:49.323 [ INFO] maestro.cli.runner.TestRunner.runSingle$lambda$0: Running flow test_screenshot.yaml...
23:19:49.334 [ INFO] maestro.Maestro.cachedDeviceInfo_delegate$lambda$0: Getting device info
23:19:49.392 [ INFO] ios.xctest.XCTestIOSDevice.deviceInfo$lambda$0: Device info DeviceInfo(widthPixels=1320, heightPixels=2868, widthPoints=440, heightPoints=956)
23:19:49.393 [ INFO] maestro.Maestro.cachedDeviceInfo_delegate$lambda$0: Got device info: DeviceInfo(platform=IOS, widthPixels=1320, heightPixels=2868, widthGrid=440, heightGrid=956)
23:19:49.425 [ INFO] maestro.cli.runner.MaestroCommandRunner.runCommands$lambda$0: Define variables RUNNING
23:19:49.428 [ INFO] maestro.cli.runner.MaestroCommandRunner.runCommands$lambda$11: Define variables metadata CommandMetadata(numberOfRuns=null, evaluatedCommand=MaestroCommand(defineVariablesCommand=DefineVariablesCommand(env={MAESTRO_FILENAME=test_screenshot}, label=null, optional=false)), logMessages=[], insight=Insight(message=, level=NONE), aiReasoning=null, labeledCommand=null)
23:19:49.429 [ INFO] maestro.cli.runner.MaestroCommandRunner.runCommands$lambda$2: Define variables COMPLETED
23:19:49.429 [ INFO] maestro.cli.runner.MaestroCommandRunner.runCommands$lambda$0: Apply configuration RUNNING
23:19:49.430 [ INFO] maestro.cli.runner.MaestroCommandRunner.runCommands$lambda$11: Apply configuration metadata CommandMetadata(numberOfRuns=null, evaluatedCommand=MaestroCommand(applyConfigurationCommand=ApplyConfigurationCommand(config=MaestroConfig(appId=app.vaultaire.ios, name=null, tags=[], ext={}, onFlowStart=null, onFlowComplete=null, properties={}), label=null, optional=false)), logMessages=[], insight=Insight(message=, level=NONE), aiReasoning=null, labeledCommand=null)
23:19:49.430 [ INFO] maestro.cli.runner.MaestroCommandRunner.runCommands$lambda$2: Apply configuration COMPLETED
23:19:49.430 [ INFO] maestro.cli.runner.MaestroCommandRunner.runCommands$lambda$0: Launch app "app.vaultaire.ios" with clear state (launch arguments: {MAESTRO_TEST=true, MAESTRO_SEED_FILES=true}) RUNNING
23:19:49.432 [ INFO] maestro.cli.runner.MaestroCommandRunner.runCommands$lambda$11: Launch app "app.vaultaire.ios" with clear state (launch arguments: {MAESTRO_TEST=true, MAESTRO_SEED_FILES=true}) metadata CommandMetadata(numberOfRuns=null, evaluatedCommand=MaestroCommand(launchAppCommand=LaunchAppCommand(appId=app.vaultaire.ios, clearState=true, clearKeychain=null, stopApp=null, permissions=null, launchArguments={MAESTRO_TEST=true, MAESTRO_SEED_FILES=true}, label=null, optional=false)), logMessages=[], insight=Insight(message=, level=NONE), aiReasoning=null, labeledCommand=null)
23:19:49.432 [ INFO] maestro.Maestro.clearAppState: Clearing app state app.vaultaire.ios
23:19:49.433 [ INFO] util.LocalSimulatorUtils.clearAppState: Clearing app app.vaultaire.ios state
23:19:49.433 [ INFO] util.LocalSimulatorUtils.terminate: [Start] Terminating app app.vaultaire.ios
23:19:49.433 [ INFO] util.CommandLineUtils.runCommand: Running command line operation: [xcrun, simctl, terminate, E9031050-51BF-4E37-B96C-E72B1E048C37, app.vaultaire.ios] with {}
23:19:49.556 [ INFO] util.LocalSimulatorUtils.terminate: [Done] Terminating app app.vaultaire.ios
23:19:49.985 [ INFO] util.LocalSimulatorUtils.reinstallApp: Copying app binary from /Users/nan/Library/Developer/CoreSimulator/Devices/E9031050-51BF-4E37-B96C-E72B1E048C37/data/Containers/Bundle/Application/F9613472-4A71-42C2-9C05-0196EE319E6C/app.vaultaire.ios-1771571634824.app to /var/folders/2q/mkv7wct11y115pz46vqnf5c80000gn/T/5091326266396510801/app.vaultaire.ios-1771571989984.app
23:19:50.066 [ INFO] util.LocalSimulatorUtils.reinstallApp: Reinstalling and launching app.vaultaire.ios
23:19:50.066 [ INFO] util.CommandLineUtils.runCommand: Running command line operation: [xcrun, simctl, uninstall, E9031050-51BF-4E37-B96C-E72B1E048C37, app.vaultaire.ios] with {}
23:19:50.243 [ INFO] util.CommandLineUtils.runCommand: Running command line operation: [xcrun, simctl, install, E9031050-51BF-4E37-B96C-E72B1E048C37, /var/folders/2q/mkv7wct11y115pz46vqnf5c80000gn/T/5091326266396510801/app.vaultaire.ios-1771571989984.app] with {}
23:19:50.631 [ INFO] util.LocalSimulatorUtils.reinstallApp: App app.vaultaire.ios reinstalled and launched
23:19:50.632 [ INFO] device.SimctlIOSDevice.setPermissions: [Start] Setting permissions all=allow through applesimutils
23:19:50.632 [ INFO] util.LocalSimulatorUtils.setAppleSimutilsPermissions: [Start] Setting permissions via pinned applesimutils
23:19:50.632 [ INFO] util.CommandLineUtils.runCommand: Running command line operation: [/Users/nan/.maestro/deps/applesimutils, --byId, E9031050-51BF-4E37-B96C-E72B1E048C37, --bundle, app.vaultaire.ios, --setPermissions, calendar=YES,camera=YES,contacts=YES,faceid=YES,homekit=YES,medialibrary=YES,microphone=YES,motion=YES,photos=YES,reminders=YES,siri=YES,speech=YES,userTracking=YES] with {}
23:19:50.769 [ INFO] util.LocalSimulatorUtils.setAppleSimutilsPermissions: [Done] Setting permissions pinned applesimutils
23:19:50.769 [ INFO] device.SimctlIOSDevice.setPermissions: [Done] Setting permissions through applesimutils
23:19:50.769 [ INFO] device.SimctlIOSDevice.setPermissions: [Start] Setting Permissions all=allow through simctl
23:19:50.770 [ INFO] util.CommandLineUtils.runCommand: Running command line operation: [xcrun, simctl, privacy, E9031050-51BF-4E37-B96C-E72B1E048C37, grant, location-always, app.vaultaire.ios] with {}
23:19:50.872 [ INFO] device.SimctlIOSDevice.setPermissions: [Done] Setting Permissions all=allow through simctl
23:19:50.885 [ INFO] maestro.Maestro.launchApp: Launching app app.vaultaire.ios
23:19:50.885 [ INFO] maestro.Maestro.launchApp: Stopping app.vaultaire.ios app during launch
23:19:50.892 [ INFO] util.CommandLineUtils.runCommand: Running command line operation: [xcrun, simctl, launch, E9031050-51BF-4E37-B96C-E72B1E048C37, app.vaultaire.ios, -MAESTRO_TEST, true, -MAESTRO_SEED_FILES, true] with {}
23:19:51.103 [ INFO] maestro.cli.runner.MaestroCommandRunner.runCommands$lambda$2: Launch app "app.vaultaire.ios" with clear state (launch arguments: {MAESTRO_TEST=true, MAESTRO_SEED_FILES=true}) COMPLETED
23:19:51.104 [ INFO] maestro.cli.runner.MaestroCommandRunner.runCommands$lambda$0: Tap on (Optional) "Not Now" RUNNING
23:19:51.109 [ INFO] maestro.cli.runner.MaestroCommandRunner.runCommands$lambda$11: Tap on (Optional) "Not Now" metadata CommandMetadata(numberOfRuns=null, evaluatedCommand=MaestroCommand(tapOnElementCommand=TapOnElementCommand(selector=ElementSelector(textRegex=Not Now, idRegex=null, size=null, below=null, above=null, leftOf=null, rightOf=null, containsChild=null, containsDescendants=null, traits=null, index=null, enabled=null, optional=true, selected=null, checked=null, focused=null, childOf=null, css=null), retryIfNoChange=false, waitUntilVisible=false, longPress=false, repeat=null, waitToSettleTimeoutMs=null, relativePoint=null, label=null, optional=true)), logMessages=[], insight=Insight(message=, level=NONE), aiReasoning=null, labeledCommand=null)
23:19:51.162 [ INFO] ios.xctest.XCTestIOSDevice.deviceInfo$lambda$0: Device info DeviceInfo(widthPixels=1320, heightPixels=2868, widthPoints=440, heightPoints=956)
23:19:51.163 [ INFO] device.IOSDevice.viewHierarchy: Requesting view hierarchy of the screen
23:19:52.860 [TRACE] ios.xctest.XCTestIOSDevice.viewHierarchy$lambda$1: Depth received: 17
23:19:52.861 [ INFO] device.IOSDevice.viewHierarchy: Depth of the screen is 17
23:19:52.861 [ INFO] maestro.cli.runner.MaestroCommandRunner.runCommands$lambda$11: Tap on (Optional) "Not Now" metadata CommandMetadata(numberOfRuns=null, evaluatedCommand=MaestroCommand(tapOnElementCommand=TapOnElementCommand(selector=ElementSelector(textRegex=Not Now, idRegex=null, size=null, below=null, above=null, leftOf=null, rightOf=null, containsChild=null, containsDescendants=null, traits=null, index=null, enabled=null, optional=true, selected=null, checked=null, focused=null, childOf=null, css=null), retryIfNoChange=false, waitUntilVisible=false, longPress=false, repeat=null, waitToSettleTimeoutMs=null, relativePoint=null, label=null, optional=true)), logMessages=[], insight=Insight(message=, level=NONE), aiReasoning=null, labeledCommand=null)
23:19:52.871 [ INFO] ios.xctest.XCTestIOSDevice.deviceInfo$lambda$0: Device info DeviceInfo(widthPixels=1320, heightPixels=2868, widthPoints=440, heightPoints=956)
23:19:52.872 [ INFO] device.IOSDevice.viewHierarchy: Requesting view hierarchy of the screen
23:19:52.995 [TRACE] ios.xctest.XCTestIOSDevice.viewHierarchy$lambda$1: Depth received: 17
23:19:52.995 [ INFO] device.IOSDevice.viewHierarchy: Depth of the screen is 17
23:19:52.995 [ INFO] maestro.cli.runner.MaestroCommandRunner.runCommands$lambda$11: Tap on (Optional) "Not Now" metadata CommandMetadata(numberOfRuns=null, evaluatedCommand=MaestroCommand(tapOnElementCommand=TapOnElementCommand(selector=ElementSelector(textRegex=Not Now, idRegex=null, size=null, below=null, above=null, leftOf=null, rightOf=null, containsChild=null, containsDescendants=null, traits=null, index=null, enabled=null, optional=true, selected=null, checked=null, focused=null, childOf=null, css=null), retryIfNoChange=false, waitUntilVisible=false, longPress=false, repeat=null, waitToSettleTimeoutMs=null, relativePoint=null, label=null, optional=true)), logMessages=[], insight=Insight(message=, level=NONE), aiReasoning=null, labeledCommand=null)
23:19:53.007 [ INFO] ios.xctest.XCTestIOSDevice.deviceInfo$lambda$0: Device info DeviceInfo(widthPixels=1320, heightPixels=2868, widthPoints=440, heightPoints=956)
23:19:53.007 [ INFO] device.IOSDevice.viewHierarchy: Requesting view hierarchy of the screen
23:19:53.158 [TRACE] ios.xctest.XCTestIOSDevice.viewHierarchy$lambda$1: Depth received: 17
23:19:53.158 [ INFO] device.IOSDevice.viewHierarchy: Depth of the screen is 17
23:19:53.159 [ INFO] maestro.cli.runner.MaestroCommandRunner.runCommands$lambda$11: Tap on (Optional) "Not Now" metadata CommandMetadata(numberOfRuns=null, evaluatedCommand=MaestroCommand(tapOnElementCommand=TapOnElementCommand(selector=ElementSelector(textRegex=Not Now, idRegex=null, size=null, below=null, above=null, leftOf=null, rightOf=null, containsChild=null, containsDescendants=null, traits=null, index=null, enabled=null, optional=true, selected=null, checked=null, focused=null, childOf=null, css=null), retryIfNoChange=false, waitUntilVisible=false, longPress=false, repeat=null, waitToSettleTimeoutMs=null, relativePoint=null, label=null, optional=true)), logMessages=[], insight=Insight(message=, level=NONE), aiReasoning=null, labeledCommand=null)
23:19:53.166 [ INFO] ios.xctest.XCTestIOSDevice.deviceInfo$lambda$0: Device info DeviceInfo(widthPixels=1320, heightPixels=2868, widthPoints=440, heightPoints=956)
23:19:53.166 [ INFO] device.IOSDevice.viewHierarchy: Requesting view hierarchy of the screen
23:19:53.280 [TRACE] ios.xctest.XCTestIOSDevice.viewHierarchy$lambda$1: Depth received: 17
23:19:53.280 [ INFO] device.IOSDevice.viewHierarchy: Depth of the screen is 17
23:19:53.281 [ INFO] maestro.cli.runner.MaestroCommandRunner.runCommands$lambda$11: Tap on (Optional) "Not Now" metadata CommandMetadata(numberOfRuns=null, evaluatedCommand=MaestroCommand(tapOnElementCommand=TapOnElementCommand(selector=ElementSelector(textRegex=Not Now, idRegex=null, size=null, below=null, above=null, leftOf=null, rightOf=null, containsChild=null, containsDescendants=null, traits=null, index=null, enabled=null, optional=true, selected=null, checked=null, focused=null, childOf=null, css=null), retryIfNoChange=false, waitUntilVisible=false, longPress=false, repeat=null, waitToSettleTimeoutMs=null, relativePoint=null, label=null, optional=true)), logMessages=[], insight=Insight(message=, level=NONE), aiReasoning=null, labeledCommand=null)
23:19:53.288 [ INFO] ios.xctest.XCTestIOSDevice.deviceInfo$lambda$0: Device info DeviceInfo(widthPixels=1320, heightPixels=2868, widthPoints=440, heightPoints=956)
23:19:53.288 [ INFO] device.IOSDevice.viewHierarchy: Requesting view hierarchy of the screen
23:19:53.401 [TRACE] ios.xctest.XCTestIOSDevice.viewHierarchy$lambda$1: Depth received: 17
23:19:53.401 [ INFO] device.IOSDevice.viewHierarchy: Depth of the screen is 17
23:19:53.401 [ INFO] maestro.cli.runner.MaestroCommandRunner.runCommands$lambda$11: Tap on (Optional) "Not Now" metadata CommandMetadata(numberOfRuns=null, evaluatedCommand=MaestroCommand(tapOnElementCommand=TapOnElementCommand(selector=ElementSelector(textRegex=Not Now, idRegex=null, size=null, below=null, above=null, leftOf=null, rightOf=null, containsChild=null, containsDescendants=null, traits=null, index=null, enabled=null, optional=true, selected=null, checked=null, focused=null, childOf=null, css=null), retryIfNoChange=false, waitUntilVisible=false, longPress=false, repeat=null, waitToSettleTimeoutMs=null, relativePoint=null, label=null, optional=true)), logMessages=[], insight=Insight(message=, level=NONE), aiReasoning=null, labeledCommand=null)
23:19:53.408 [ INFO] ios.xctest.XCTestIOSDevice.deviceInfo$lambda$0: Device info DeviceInfo(widthPixels=1320, heightPixels=2868, widthPoints=440, heightPoints=956)
23:19:53.408 [ INFO] device.IOSDevice.viewHierarchy: Requesting view hierarchy of the screen
23:19:53.520 [TRACE] ios.xctest.XCTestIOSDevice.viewHierarchy$lambda$1: Depth received: 17
23:19:53.520 [ INFO] device.IOSDevice.viewHierarchy: Depth of the screen is 17
23:19:53.520 [ INFO] maestro.cli.runner.MaestroCommandRunner.runCommands$lambda$11: Tap on (Optional) "Not Now" metadata CommandMetadata(numberOfRuns=null, evaluatedCommand=MaestroCommand(tapOnElementCommand=TapOnElementCommand(selector=ElementSelector(textRegex=Not Now, idRegex=null, size=null, below=null, above=null, leftOf=null, rightOf=null, containsChild=null, containsDescendants=null, traits=null, index=null, enabled=null, optional=true, selected=null, checked=null, focused=null, childOf=null, css=null), retryIfNoChange=false, waitUntilVisible=false, longPress=false, repeat=null, waitToSettleTimeoutMs=null, relativePoint=null, label=null, optional=true)), logMessages=[], insight=Insight(message=, level=NONE), aiReasoning=null, labeledCommand=null)
23:19:53.528 [ INFO] ios.xctest.XCTestIOSDevice.deviceInfo$lambda$0: Device info DeviceInfo(widthPixels=1320, heightPixels=2868, widthPoints=440, heightPoints=956)
23:19:53.528 [ INFO] device.IOSDevice.viewHierarchy: Requesting view hierarchy of the screen
23:19:53.639 [TRACE] ios.xctest.XCTestIOSDevice.viewHierarchy$lambda$1: Depth received: 17
23:19:53.639 [ INFO] device.IOSDevice.viewHierarchy: Depth of the screen is 17
23:19:53.640 [ INFO] maestro.cli.runner.MaestroCommandRunner.runCommands$lambda$11: Tap on (Optional) "Not Now" metadata CommandMetadata(numberOfRuns=null, evaluatedCommand=MaestroCommand(tapOnElementCommand=TapOnElementCommand(selector=ElementSelector(textRegex=Not Now, idRegex=null, size=null, below=null, above=null, leftOf=null, rightOf=null, containsChild=null, containsDescendants=null, traits=null, index=null, enabled=null, optional=true, selected=null, checked=null, focused=null, childOf=null, css=null), retryIfNoChange=false, waitUntilVisible=false, longPress=false, repeat=null, waitToSettleTimeoutMs=null, relativePoint=null, label=null, optional=true)), logMessages=[], insight=Insight(message=, level=NONE), aiReasoning=null, labeledCommand=null)
23:19:53.648 [ INFO] ios.xctest.XCTestIOSDevice.deviceInfo$lambda$0: Device info DeviceInfo(widthPixels=1320, heightPixels=2868, widthPoints=440, heightPoints=956)
23:19:53.648 [ INFO] device.IOSDevice.viewHierarchy: Requesting view hierarchy of the screen
23:19:53.758 [TRACE] ios.xctest.XCTestIOSDevice.viewHierarchy$lambda$1: Depth received: 17
23:19:53.758 [ INFO] device.IOSDevice.viewHierarchy: Depth of the screen is 17
23:19:53.759 [ INFO] maestro.cli.runner.MaestroCommandRunner.runCommands$lambda$11: Tap on (Optional) "Not Now" metadata CommandMetadata(numberOfRuns=null, evaluatedCommand=MaestroCommand(tapOnElementCommand=TapOnElementCommand(selector=ElementSelector(textRegex=Not Now, idRegex=null, size=null, below=null, above=null, leftOf=null, rightOf=null, containsChild=null, containsDescendants=null, traits=null, index=null, enabled=null, optional=true, selected=null, checked=null, focused=null, childOf=null, css=null), retryIfNoChange=false, waitUntilVisible=false, longPress=false, repeat=null, waitToSettleTimeoutMs=null, relativePoint=null, label=null, optional=true)), logMessages=[], insight=Insight(message=, level=NONE), aiReasoning=null, labeledCommand=null)
23:19:53.769 [ INFO] ios.xctest.XCTestIOSDevice.deviceInfo$lambda$0: Device info DeviceInfo(widthPixels=1320, heightPixels=2868, widthPoints=440, heightPoints=956)
23:19:53.770 [ INFO] device.IOSDevice.viewHierarchy: Requesting view hierarchy of the screen
23:19:53.880 [TRACE] ios.xctest.XCTestIOSDevice.viewHierarchy$lambda$1: Depth received: 17
23:19:53.880 [ INFO] device.IOSDevice.viewHierarchy: Depth of the screen is 17
23:19:53.880 [ INFO] maestro.cli.runner.MaestroCommandRunner.runCommands$lambda$11: Tap on (Optional) "Not Now" metadata CommandMetadata(numberOfRuns=null, evaluatedCommand=MaestroCommand(tapOnElementCommand=TapOnElementCommand(selector=ElementSelector(textRegex=Not Now, idRegex=null, size=null, below=null, above=null, leftOf=null, rightOf=null, containsChild=null, containsDescendants=null, traits=null, index=null, enabled=null, optional=true, selected=null, checked=null, focused=null, childOf=null, css=null), retryIfNoChange=false, waitUntilVisible=false, longPress=false, repeat=null, waitToSettleTimeoutMs=null, relativePoint=null, label=null, optional=true)), logMessages=[], insight=Insight(message=, level=NONE), aiReasoning=null, labeledCommand=null)
23:19:53.887 [ INFO] ios.xctest.XCTestIOSDevice.deviceInfo$lambda$0: Device info DeviceInfo(widthPixels=1320, heightPixels=2868, widthPoints=440, heightPoints=956)
23:19:53.887 [ INFO] device.IOSDevice.viewHierarchy: Requesting view hierarchy of the screen
23:19:53.997 [TRACE] ios.xctest.XCTestIOSDevice.viewHierarchy$lambda$1: Depth received: 17
23:19:53.997 [ INFO] device.IOSDevice.viewHierarchy: Depth of the screen is 17
23:19:53.997 [ INFO] maestro.cli.runner.MaestroCommandRunner.runCommands$lambda$11: Tap on (Optional) "Not Now" metadata CommandMetadata(numberOfRuns=null, evaluatedCommand=MaestroCommand(tapOnElementCommand=TapOnElementCommand(selector=ElementSelector(textRegex=Not Now, idRegex=null, size=null, below=null, above=null, leftOf=null, rightOf=null, containsChild=null, containsDescendants=null, traits=null, index=null, enabled=null, optional=true, selected=null, checked=null, focused=null, childOf=null, css=null), retryIfNoChange=false, waitUntilVisible=false, longPress=false, repeat=null, waitToSettleTimeoutMs=null, relativePoint=null, label=null, optional=true)), logMessages=[], insight=Insight(message=, level=NONE), aiReasoning=null, labeledCommand=null)
23:19:54.003 [ INFO] ios.xctest.XCTestIOSDevice.deviceInfo$lambda$0: Device info DeviceInfo(widthPixels=1320, heightPixels=2868, widthPoints=440, heightPoints=956)
23:19:54.004 [ INFO] device.IOSDevice.viewHierarchy: Requesting view hierarchy of the screen
23:19:54.118 [TRACE] ios.xctest.XCTestIOSDevice.viewHierarchy$lambda$1: Depth received: 17
23:19:54.118 [ INFO] device.IOSDevice.viewHierarchy: Depth of the screen is 17
23:19:54.118 [ INFO] maestro.cli.runner.MaestroCommandRunner.runCommands$lambda$11: Tap on (Optional) "Not Now" metadata CommandMetadata(numberOfRuns=null, evaluatedCommand=MaestroCommand(tapOnElementCommand=TapOnElementCommand(selector=ElementSelector(textRegex=Not Now, idRegex=null, size=null, below=null, above=null, leftOf=null, rightOf=null, containsChild=null, containsDescendants=null, traits=null, index=null, enabled=null, optional=true, selected=null, checked=null, focused=null, childOf=null, css=null), retryIfNoChange=false, waitUntilVisible=false, longPress=false, repeat=null, waitToSettleTimeoutMs=null, relativePoint=null, label=null, optional=true)), logMessages=[], insight=Insight(message=, level=NONE), aiReasoning=null, labeledCommand=null)
23:19:54.125 [ INFO] ios.xctest.XCTestIOSDevice.deviceInfo$lambda$0: Device info DeviceInfo(widthPixels=1320, heightPixels=2868, widthPoints=440, heightPoints=956)
23:19:54.125 [ INFO] device.IOSDevice.viewHierarchy: Requesting view hierarchy of the screen
23:19:54.237 [TRACE] ios.xctest.XCTestIOSDevice.viewHierarchy$lambda$1: Depth received: 17
23:19:54.237 [ INFO] device.IOSDevice.viewHierarchy: Depth of the screen is 17
23:19:54.237 [ INFO] maestro.cli.runner.MaestroCommandRunner.runCommands$lambda$11: Tap on (Optional) "Not Now" metadata CommandMetadata(numberOfRuns=null, evaluatedCommand=MaestroCommand(tapOnElementCommand=TapOnElementCommand(selector=ElementSelector(textRegex=Not Now, idRegex=null, size=null, below=null, above=null, leftOf=null, rightOf=null, containsChild=null, containsDescendants=null, traits=null, index=null, enabled=null, optional=true, selected=null, checked=null, focused=null, childOf=null, css=null), retryIfNoChange=false, waitUntilVisible=false, longPress=false, repeat=null, waitToSettleTimeoutMs=null, relativePoint=null, label=null, optional=true)), logMessages=[], insight=Insight(message=, level=NONE), aiReasoning=null, labeledCommand=null)
23:19:54.244 [ INFO] ios.xctest.XCTestIOSDevice.deviceInfo$lambda$0: Device info DeviceInfo(widthPixels=1320, heightPixels=2868, widthPoints=440, heightPoints=956)
23:19:54.244 [ INFO] device.IOSDevice.viewHierarchy: Requesting view hierarchy of the screen
23:19:54.354 [TRACE] ios.xctest.XCTestIOSDevice.viewHierarchy$lambda$1: Depth received: 17
23:19:54.354 [ INFO] device.IOSDevice.viewHierarchy: Depth of the screen is 17
23:19:54.355 [ INFO] maestro.cli.runner.MaestroCommandRunner.runCommands$lambda$11: Tap on (Optional) "Not Now" metadata CommandMetadata(numberOfRuns=null, evaluatedCommand=MaestroCommand(tapOnElementCommand=TapOnElementCommand(selector=ElementSelector(textRegex=Not Now, idRegex=null, size=null, below=null, above=null, leftOf=null, rightOf=null, containsChild=null, containsDescendants=null, traits=null, index=null, enabled=null, optional=true, selected=null, checked=null, focused=null, childOf=null, css=null), retryIfNoChange=false, waitUntilVisible=false, longPress=false, repeat=null, waitToSettleTimeoutMs=null, relativePoint=null, label=null, optional=true)), logMessages=[], insight=Insight(message=, level=NONE), aiReasoning=null, labeledCommand=null)
23:19:54.361 [ INFO] ios.xctest.XCTestIOSDevice.deviceInfo$lambda$0: Device info DeviceInfo(widthPixels=1320, heightPixels=2868, widthPoints=440, heightPoints=956)
23:19:54.361 [ INFO] device.IOSDevice.viewHierarchy: Requesting view hierarchy of the screen
23:19:54.468 [TRACE] ios.xctest.XCTestIOSDevice.viewHierarchy$lambda$1: Depth received: 17
23:19:54.468 [ INFO] device.IOSDevice.viewHierarchy: Depth of the screen is 17
23:19:54.468 [ INFO] maestro.cli.runner.MaestroCommandRunner.runCommands$lambda$11: Tap on (Optional) "Not Now" metadata CommandMetadata(numberOfRuns=null, evaluatedCommand=MaestroCommand(tapOnElementCommand=TapOnElementCommand(selector=ElementSelector(textRegex=Not Now, idRegex=null, size=null, below=null, above=null, leftOf=null, rightOf=null, containsChild=null, containsDescendants=null, traits=null, index=null, enabled=null, optional=true, selected=null, checked=null, focused=null, childOf=null, css=null), retryIfNoChange=false, waitUntilVisible=false, longPress=false, repeat=null, waitToSettleTimeoutMs=null, relativePoint=null, label=null, optional=true)), logMessages=[], insight=Insight(message=, level=NONE), aiReasoning=null, labeledCommand=null)
23:19:54.475 [ INFO] ios.xctest.XCTestIOSDevice.deviceInfo$lambda$0: Device info DeviceInfo(widthPixels=1320, heightPixels=2868, widthPoints=440, heightPoints=956)
23:19:54.475 [ INFO] device.IOSDevice.viewHierarchy: Requesting view hierarchy of the screen
23:19:54.583 [TRACE] ios.xctest.XCTestIOSDevice.viewHierarchy$lambda$1: Depth received: 17
23:19:54.583 [ INFO] device.IOSDevice.viewHierarchy: Depth of the screen is 17
23:19:54.584 [ INFO] maestro.cli.runner.MaestroCommandRunner.runCommands$lambda$11: Tap on (Optional) "Not Now" metadata CommandMetadata(numberOfRuns=null, evaluatedCommand=MaestroCommand(tapOnElementCommand=TapOnElementCommand(selector=ElementSelector(textRegex=Not Now, idRegex=null, size=null, below=null, above=null, leftOf=null, rightOf=null, containsChild=null, containsDescendants=null, traits=null, index=null, enabled=null, optional=true, selected=null, checked=null, focused=null, childOf=null, css=null), retryIfNoChange=false, waitUntilVisible=false, longPress=false, repeat=null, waitToSettleTimeoutMs=null, relativePoint=null, label=null, optional=true)), logMessages=[], insight=Insight(message=, level=NONE), aiReasoning=null, labeledCommand=null)
23:19:54.590 [ INFO] ios.xctest.XCTestIOSDevice.deviceInfo$lambda$0: Device info DeviceInfo(widthPixels=1320, heightPixels=2868, widthPoints=440, heightPoints=956)
23:19:54.590 [ INFO] device.IOSDevice.viewHierarchy: Requesting view hierarchy of the screen
23:19:54.704 [TRACE] ios.xctest.XCTestIOSDevice.viewHierarchy$lambda$1: Depth received: 17
23:19:54.705 [ INFO] device.IOSDevice.viewHierarchy: Depth of the screen is 17
23:19:54.705 [ INFO] maestro.cli.runner.MaestroCommandRunner.runCommands$lambda$11: Tap on (Optional) "Not Now" metadata CommandMetadata(numberOfRuns=null, evaluatedCommand=MaestroCommand(tapOnElementCommand=TapOnElementCommand(selector=ElementSelector(textRegex=Not Now, idRegex=null, size=null, below=null, above=null, leftOf=null, rightOf=null, containsChild=null, containsDescendants=null, traits=null, index=null, enabled=null, optional=true, selected=null, checked=null, focused=null, childOf=null, css=null), retryIfNoChange=false, waitUntilVisible=false, longPress=false, repeat=null, waitToSettleTimeoutMs=null, relativePoint=null, label=null, optional=true)), logMessages=[], insight=Insight(message=, level=NONE), aiReasoning=null, labeledCommand=null)
23:19:54.715 [ INFO] ios.xctest.XCTestIOSDevice.deviceInfo$lambda$0: Device info DeviceInfo(widthPixels=1320, heightPixels=2868, widthPoints=440, heightPoints=956)
23:19:54.716 [ INFO] device.IOSDevice.viewHierarchy: Requesting view hierarchy of the screen
23:19:54.826 [TRACE] ios.xctest.XCTestIOSDevice.viewHierarchy$lambda$1: Depth received: 17
23:19:54.827 [ INFO] device.IOSDevice.viewHierarchy: Depth of the screen is 17
23:19:54.827 [ INFO] maestro.cli.runner.MaestroCommandRunner.runCommands$lambda$11: Tap on (Optional) "Not Now" metadata CommandMetadata(numberOfRuns=null, evaluatedCommand=MaestroCommand(tapOnElementCommand=TapOnElementCommand(selector=ElementSelector(textRegex=Not Now, idRegex=null, size=null, below=null, above=null, leftOf=null, rightOf=null, containsChild=null, containsDescendants=null, traits=null, index=null, enabled=null, optional=true, selected=null, checked=null, focused=null, childOf=null, css=null), retryIfNoChange=false, waitUntilVisible=false, longPress=false, repeat=null, waitToSettleTimeoutMs=null, relativePoint=null, label=null, optional=true)), logMessages=[], insight=Insight(message=, level=NONE), aiReasoning=null, labeledCommand=null)
23:19:54.838 [ INFO] ios.xctest.XCTestIOSDevice.deviceInfo$lambda$0: Device info DeviceInfo(widthPixels=1320, heightPixels=2868, widthPoints=440, heightPoints=956)
23:19:54.839 [ INFO] device.IOSDevice.viewHierarchy: Requesting view hierarchy of the screen
23:19:54.945 [TRACE] ios.xctest.XCTestIOSDevice.viewHierarchy$lambda$1: Depth received: 17
23:19:54.946 [ INFO] device.IOSDevice.viewHierarchy: Depth of the screen is 17
23:19:54.946 [ INFO] maestro.cli.runner.MaestroCommandRunner.runCommands$lambda$11: Tap on (Optional) "Not Now" metadata CommandMetadata(numberOfRuns=null, evaluatedCommand=MaestroCommand(tapOnElementCommand=TapOnElementCommand(selector=ElementSelector(textRegex=Not Now, idRegex=null, size=null, below=null, above=null, leftOf=null, rightOf=null, containsChild=null, containsDescendants=null, traits=null, index=null, enabled=null, optional=true, selected=null, checked=null, focused=null, childOf=null, css=null), retryIfNoChange=false, waitUntilVisible=false, longPress=false, repeat=null, waitToSettleTimeoutMs=null, relativePoint=null, label=null, optional=true)), logMessages=[], insight=Insight(message=, level=NONE), aiReasoning=null, labeledCommand=null)
23:19:54.952 [ INFO] ios.xctest.XCTestIOSDevice.deviceInfo$lambda$0: Device info DeviceInfo(widthPixels=1320, heightPixels=2868, widthPoints=440, heightPoints=956)
23:19:54.952 [ INFO] device.IOSDevice.viewHierarchy: Requesting view hierarchy of the screen
23:19:55.062 [TRACE] ios.xctest.XCTestIOSDevice.viewHierarchy$lambda$1: Depth received: 17
23:19:55.062 [ INFO] device.IOSDevice.viewHierarchy: Depth of the screen is 17
23:19:55.062 [ INFO] maestro.cli.runner.MaestroCommandRunner.runCommands$lambda$11: Tap on (Optional) "Not Now" metadata CommandMetadata(numberOfRuns=null, evaluatedCommand=MaestroCommand(tapOnElementCommand=TapOnElementCommand(selector=ElementSelector(textRegex=Not Now, idRegex=null, size=null, below=null, above=null, leftOf=null, rightOf=null, containsChild=null, containsDescendants=null, traits=null, index=null, enabled=null, optional=true, selected=null, checked=null, focused=null, childOf=null, css=null), retryIfNoChange=false, waitUntilVisible=false, longPress=false, repeat=null, waitToSettleTimeoutMs=null, relativePoint=null, label=null, optional=true)), logMessages=[], insight=Insight(message=, level=NONE), aiReasoning=null, labeledCommand=null)
23:19:55.070 [ INFO] ios.xctest.XCTestIOSDevice.deviceInfo$lambda$0: Device info DeviceInfo(widthPixels=1320, heightPixels=2868, widthPoints=440, heightPoints=956)
23:19:55.070 [ INFO] device.IOSDevice.viewHierarchy: Requesting view hierarchy of the screen
23:19:55.183 [TRACE] ios.xctest.XCTestIOSDevice.viewHierarchy$lambda$1: Depth received: 17
23:19:55.184 [ INFO] device.IOSDevice.viewHierarchy: Depth of the screen is 17
23:19:55.184 [ INFO] maestro.cli.runner.MaestroCommandRunner.runCommands$lambda$11: Tap on (Optional) "Not Now" metadata CommandMetadata(numberOfRuns=null, evaluatedCommand=MaestroCommand(tapOnElementCommand=TapOnElementCommand(selector=ElementSelector(textRegex=Not Now, idRegex=null, size=null, below=null, above=null, leftOf=null, rightOf=null, containsChild=null, containsDescendants=null, traits=null, index=null, enabled=null, optional=true, selected=null, checked=null, focused=null, childOf=null, css=null), retryIfNoChange=false, waitUntilVisible=false, longPress=false, repeat=null, waitToSettleTimeoutMs=null, relativePoint=null, label=null, optional=true)), logMessages=[], insight=Insight(message=, level=NONE), aiReasoning=null, labeledCommand=null)
23:19:55.190 [ INFO] ios.xctest.XCTestIOSDevice.deviceInfo$lambda$0: Device info DeviceInfo(widthPixels=1320, heightPixels=2868, widthPoints=440, heightPoints=956)
23:19:55.190 [ INFO] device.IOSDevice.viewHierarchy: Requesting view hierarchy of the screen
23:19:55.297 [TRACE] ios.xctest.XCTestIOSDevice.viewHierarchy$lambda$1: Depth received: 17
23:19:55.298 [ INFO] device.IOSDevice.viewHierarchy: Depth of the screen is 17
23:19:55.298 [ INFO] maestro.cli.runner.MaestroCommandRunner.runCommands$lambda$11: Tap on (Optional) "Not Now" metadata CommandMetadata(numberOfRuns=null, evaluatedCommand=MaestroCommand(tapOnElementCommand=TapOnElementCommand(selector=ElementSelector(textRegex=Not Now, idRegex=null, size=null, below=null, above=null, leftOf=null, rightOf=null, containsChild=null, containsDescendants=null, traits=null, index=null, enabled=null, optional=true, selected=null, checked=null, focused=null, childOf=null, css=null), retryIfNoChange=false, waitUntilVisible=false, longPress=false, repeat=null, waitToSettleTimeoutMs=null, relativePoint=null, label=null, optional=true)), logMessages=[], insight=Insight(message=, level=NONE), aiReasoning=null, labeledCommand=null)
23:19:55.305 [ INFO] ios.xctest.XCTestIOSDevice.deviceInfo$lambda$0: Device info DeviceInfo(widthPixels=1320, heightPixels=2868, widthPoints=440, heightPoints=956)
23:19:55.305 [ INFO] device.IOSDevice.viewHierarchy: Requesting view hierarchy of the screen
23:19:55.410 [TRACE] ios.xctest.XCTestIOSDevice.viewHierarchy$lambda$1: Depth received: 17
23:19:55.411 [ INFO] device.IOSDevice.viewHierarchy: Depth of the screen is 17
23:19:55.411 [ INFO] maestro.cli.runner.MaestroCommandRunner.runCommands$lambda$11: Tap on (Optional) "Not Now" metadata CommandMetadata(numberOfRuns=null, evaluatedCommand=MaestroCommand(tapOnElementCommand=TapOnElementCommand(selector=ElementSelector(textRegex=Not Now, idRegex=null, size=null, below=null, above=null, leftOf=null, rightOf=null, containsChild=null, containsDescendants=null, traits=null, index=null, enabled=null, optional=true, selected=null, checked=null, focused=null, childOf=null, css=null), retryIfNoChange=false, waitUntilVisible=false, longPress=false, repeat=null, waitToSettleTimeoutMs=null, relativePoint=null, label=null, optional=true)), logMessages=[], insight=Insight(message=, level=NONE), aiReasoning=null, labeledCommand=null)
23:19:55.420 [ INFO] ios.xctest.XCTestIOSDevice.deviceInfo$lambda$0: Device info DeviceInfo(widthPixels=1320, heightPixels=2868, widthPoints=440, heightPoints=956)
23:19:55.420 [ INFO] device.IOSDevice.viewHierarchy: Requesting view hierarchy of the screen
23:19:55.533 [TRACE] ios.xctest.XCTestIOSDevice.viewHierarchy$lambda$1: Depth received: 17
23:19:55.533 [ INFO] device.IOSDevice.viewHierarchy: Depth of the screen is 17
23:19:55.533 [ INFO] maestro.cli.runner.MaestroCommandRunner.runCommands$lambda$11: Tap on (Optional) "Not Now" metadata CommandMetadata(numberOfRuns=null, evaluatedCommand=MaestroCommand(tapOnElementCommand=TapOnElementCommand(selector=ElementSelector(textRegex=Not Now, idRegex=null, size=null, below=null, above=null, leftOf=null, rightOf=null, containsChild=null, containsDescendants=null, traits=null, index=null, enabled=null, optional=true, selected=null, checked=null, focused=null, childOf=null, css=null), retryIfNoChange=false, waitUntilVisible=false, longPress=false, repeat=null, waitToSettleTimeoutMs=null, relativePoint=null, label=null, optional=true)), logMessages=[], insight=Insight(message=, level=NONE), aiReasoning=null, labeledCommand=null)
23:19:55.542 [ INFO] ios.xctest.XCTestIOSDevice.deviceInfo$lambda$0: Device info DeviceInfo(widthPixels=1320, heightPixels=2868, widthPoints=440, heightPoints=956)
23:19:55.542 [ INFO] device.IOSDevice.viewHierarchy: Requesting view hierarchy of the screen
23:19:55.651 [TRACE] ios.xctest.XCTestIOSDevice.viewHierarchy$lambda$1: Depth received: 17
23:19:55.651 [ INFO] device.IOSDevice.viewHierarchy: Depth of the screen is 17
23:19:55.651 [ INFO] maestro.cli.runner.MaestroCommandRunner.runCommands$lambda$11: Tap on (Optional) "Not Now" metadata CommandMetadata(numberOfRuns=null, evaluatedCommand=MaestroCommand(tapOnElementCommand=TapOnElementCommand(selector=ElementSelector(textRegex=Not Now, idRegex=null, size=null, below=null, above=null, leftOf=null, rightOf=null, containsChild=null, containsDescendants=null, traits=null, index=null, enabled=null, optional=true, selected=null, checked=null, focused=null, childOf=null, css=null), retryIfNoChange=false, waitUntilVisible=false, longPress=false, repeat=null, waitToSettleTimeoutMs=null, relativePoint=null, label=null, optional=true)), logMessages=[], insight=Insight(message=, level=NONE), aiReasoning=null, labeledCommand=null)
23:19:55.658 [ INFO] ios.xctest.XCTestIOSDevice.deviceInfo$lambda$0: Device info DeviceInfo(widthPixels=1320, heightPixels=2868, widthPoints=440, heightPoints=956)
23:19:55.658 [ INFO] device.IOSDevice.viewHierarchy: Requesting view hierarchy of the screen
23:19:55.766 [TRACE] ios.xctest.XCTestIOSDevice.viewHierarchy$lambda$1: Depth received: 17
23:19:55.767 [ INFO] device.IOSDevice.viewHierarchy: Depth of the screen is 17
23:19:55.767 [ INFO] maestro.cli.runner.MaestroCommandRunner.runCommands$lambda$11: Tap on (Optional) "Not Now" metadata CommandMetadata(numberOfRuns=null, evaluatedCommand=MaestroCommand(tapOnElementCommand=TapOnElementCommand(selector=ElementSelector(textRegex=Not Now, idRegex=null, size=null, below=null, above=null, leftOf=null, rightOf=null, containsChild=null, containsDescendants=null, traits=null, index=null, enabled=null, optional=true, selected=null, checked=null, focused=null, childOf=null, css=null), retryIfNoChange=false, waitUntilVisible=false, longPress=false, repeat=null, waitToSettleTimeoutMs=null, relativePoint=null, label=null, optional=true)), logMessages=[], insight=Insight(message=, level=NONE), aiReasoning=null, labeledCommand=null)
23:19:55.777 [ INFO] ios.xctest.XCTestIOSDevice.deviceInfo$lambda$0: Device info DeviceInfo(widthPixels=1320, heightPixels=2868, widthPoints=440, heightPoints=956)
23:19:55.777 [ INFO] device.IOSDevice.viewHierarchy: Requesting view hierarchy of the screen
23:19:55.890 [TRACE] ios.xctest.XCTestIOSDevice.viewHierarchy$lambda$1: Depth received: 17
23:19:55.890 [ INFO] device.IOSDevice.viewHierarchy: Depth of the screen is 17
23:19:55.891 [ INFO] maestro.cli.runner.MaestroCommandRunner.runCommands$lambda$11: Tap on (Optional) "Not Now" metadata CommandMetadata(numberOfRuns=null, evaluatedCommand=MaestroCommand(tapOnElementCommand=TapOnElementCommand(selector=ElementSelector(textRegex=Not Now, idRegex=null, size=null, below=null, above=null, leftOf=null, rightOf=null, containsChild=null, containsDescendants=null, traits=null, index=null, enabled=null, optional=true, selected=null, checked=null, focused=null, childOf=null, css=null), retryIfNoChange=false, waitUntilVisible=false, longPress=false, repeat=null, waitToSettleTimeoutMs=null, relativePoint=null, label=null, optional=true)), logMessages=[], insight=Insight(message=, level=NONE), aiReasoning=null, labeledCommand=null)
23:19:55.898 [ INFO] ios.xctest.XCTestIOSDevice.deviceInfo$lambda$0: Device info DeviceInfo(widthPixels=1320, heightPixels=2868, widthPoints=440, heightPoints=956)
23:19:55.899 [ INFO] device.IOSDevice.viewHierarchy: Requesting view hierarchy of the screen
23:19:56.007 [TRACE] ios.xctest.XCTestIOSDevice.viewHierarchy$lambda$1: Depth received: 17
23:19:56.007 [ INFO] device.IOSDevice.viewHierarchy: Depth of the screen is 17
23:19:56.007 [ INFO] maestro.cli.runner.MaestroCommandRunner.runCommands$lambda$11: Tap on (Optional) "Not Now" metadata CommandMetadata(numberOfRuns=null, evaluatedCommand=MaestroCommand(tapOnElementCommand=TapOnElementCommand(selector=ElementSelector(textRegex=Not Now, idRegex=null, size=null, below=null, above=null, leftOf=null, rightOf=null, containsChild=null, containsDescendants=null, traits=null, index=null, enabled=null, optional=true, selected=null, checked=null, focused=null, childOf=null, css=null), retryIfNoChange=false, waitUntilVisible=false, longPress=false, repeat=null, waitToSettleTimeoutMs=null, relativePoint=null, label=null, optional=true)), logMessages=[], insight=Insight(message=, level=NONE), aiReasoning=null, labeledCommand=null)
23:19:56.015 [ INFO] ios.xctest.XCTestIOSDevice.deviceInfo$lambda$0: Device info DeviceInfo(widthPixels=1320, heightPixels=2868, widthPoints=440, heightPoints=956)
23:19:56.015 [ INFO] device.IOSDevice.viewHierarchy: Requesting view hierarchy of the screen
23:19:56.127 [TRACE] ios.xctest.XCTestIOSDevice.viewHierarchy$lambda$1: Depth received: 17
23:19:56.127 [ INFO] device.IOSDevice.viewHierarchy: Depth of the screen is 17
23:19:56.127 [ INFO] maestro.cli.runner.MaestroCommandRunner.runCommands$lambda$11: Tap on (Optional) "Not Now" metadata CommandMetadata(numberOfRuns=null, evaluatedCommand=MaestroCommand(tapOnElementCommand=TapOnElementCommand(selector=ElementSelector(textRegex=Not Now, idRegex=null, size=null, below=null, above=null, leftOf=null, rightOf=null, containsChild=null, containsDescendants=null, traits=null, index=null, enabled=null, optional=true, selected=null, checked=null, focused=null, childOf=null, css=null), retryIfNoChange=false, waitUntilVisible=false, longPress=false, repeat=null, waitToSettleTimeoutMs=null, relativePoint=null, label=null, optional=true)), logMessages=[], insight=Insight(message=, level=NONE), aiReasoning=null, labeledCommand=null)
23:19:56.134 [ INFO] ios.xctest.XCTestIOSDevice.deviceInfo$lambda$0: Device info DeviceInfo(widthPixels=1320, heightPixels=2868, widthPoints=440, heightPoints=956)
23:19:56.134 [ INFO] device.IOSDevice.viewHierarchy: Requesting view hierarchy of the screen
23:19:56.246 [TRACE] ios.xctest.XCTestIOSDevice.viewHierarchy$lambda$1: Depth received: 17
23:19:56.246 [ INFO] device.IOSDevice.viewHierarchy: Depth of the screen is 17
23:19:56.246 [ INFO] maestro.cli.runner.MaestroCommandRunner.runCommands$lambda$11: Tap on (Optional) "Not Now" metadata CommandMetadata(numberOfRuns=null, evaluatedCommand=MaestroCommand(tapOnElementCommand=TapOnElementCommand(selector=ElementSelector(textRegex=Not Now, idRegex=null, size=null, below=null, above=null, leftOf=null, rightOf=null, containsChild=null, containsDescendants=null, traits=null, index=null, enabled=null, optional=true, selected=null, checked=null, focused=null, childOf=null, css=null), retryIfNoChange=false, waitUntilVisible=false, longPress=false, repeat=null, waitToSettleTimeoutMs=null, relativePoint=null, label=null, optional=true)), logMessages=[], insight=Insight(message=, level=NONE), aiReasoning=null, labeledCommand=null)
23:19:56.255 [ INFO] ios.xctest.XCTestIOSDevice.deviceInfo$lambda$0: Device info DeviceInfo(widthPixels=1320, heightPixels=2868, widthPoints=440, heightPoints=956)
23:19:56.255 [ INFO] device.IOSDevice.viewHierarchy: Requesting view hierarchy of the screen
23:19:56.373 [TRACE] ios.xctest.XCTestIOSDevice.viewHierarchy$lambda$1: Depth received: 17
23:19:56.374 [ INFO] device.IOSDevice.viewHierarchy: Depth of the screen is 17
23:19:56.374 [ INFO] maestro.cli.runner.MaestroCommandRunner.runCommands$lambda$11: Tap on (Optional) "Not Now" metadata CommandMetadata(numberOfRuns=null, evaluatedCommand=MaestroCommand(tapOnElementCommand=TapOnElementCommand(selector=ElementSelector(textRegex=Not Now, idRegex=null, size=null, below=null, above=null, leftOf=null, rightOf=null, containsChild=null, containsDescendants=null, traits=null, index=null, enabled=null, optional=true, selected=null, checked=null, focused=null, childOf=null, css=null), retryIfNoChange=false, waitUntilVisible=false, longPress=false, repeat=null, waitToSettleTimeoutMs=null, relativePoint=null, label=null, optional=true)), logMessages=[], insight=Insight(message=, level=NONE), aiReasoning=null, labeledCommand=null)
23:19:56.382 [ INFO] ios.xctest.XCTestIOSDevice.deviceInfo$lambda$0: Device info DeviceInfo(widthPixels=1320, heightPixels=2868, widthPoints=440, heightPoints=956)
23:19:56.382 [ INFO] device.IOSDevice.viewHierarchy: Requesting view hierarchy of the screen
23:19:56.496 [TRACE] ios.xctest.XCTestIOSDevice.viewHierarchy$lambda$1: Depth received: 17
23:19:56.496 [ INFO] device.IOSDevice.viewHierarchy: Depth of the screen is 17
23:19:56.497 [ INFO] maestro.cli.runner.MaestroCommandRunner.runCommands$lambda$11: Tap on (Optional) "Not Now" metadata CommandMetadata(numberOfRuns=null, evaluatedCommand=MaestroCommand(tapOnElementCommand=TapOnElementCommand(selector=ElementSelector(textRegex=Not Now, idRegex=null, size=null, below=null, above=null, leftOf=null, rightOf=null, containsChild=null, containsDescendants=null, traits=null, index=null, enabled=null, optional=true, selected=null, checked=null, focused=null, childOf=null, css=null), retryIfNoChange=false, waitUntilVisible=false, longPress=false, repeat=null, waitToSettleTimeoutMs=null, relativePoint=null, label=null, optional=true)), logMessages=[], insight=Insight(message=, level=NONE), aiReasoning=null, labeledCommand=null)
23:19:56.505 [ INFO] ios.xctest.XCTestIOSDevice.deviceInfo$lambda$0: Device info DeviceInfo(widthPixels=1320, heightPixels=2868, widthPoints=440, heightPoints=956)
23:19:56.506 [ INFO] device.IOSDevice.viewHierarchy: Requesting view hierarchy of the screen
23:19:56.618 [TRACE] ios.xctest.XCTestIOSDevice.viewHierarchy$lambda$1: Depth received: 17
23:19:56.618 [ INFO] device.IOSDevice.viewHierarchy: Depth of the screen is 17
23:19:56.618 [ INFO] maestro.cli.runner.MaestroCommandRunner.runCommands$lambda$11: Tap on (Optional) "Not Now" metadata CommandMetadata(numberOfRuns=null, evaluatedCommand=MaestroCommand(tapOnElementCommand=TapOnElementCommand(selector=ElementSelector(textRegex=Not Now, idRegex=null, size=null, below=null, above=null, leftOf=null, rightOf=null, containsChild=null, containsDescendants=null, traits=null, index=null, enabled=null, optional=true, selected=null, checked=null, focused=null, childOf=null, css=null), retryIfNoChange=false, waitUntilVisible=false, longPress=false, repeat=null, waitToSettleTimeoutMs=null, relativePoint=null, label=null, optional=true)), logMessages=[], insight=Insight(message=, level=NONE), aiReasoning=null, labeledCommand=null)
23:19:56.625 [ INFO] ios.xctest.XCTestIOSDevice.deviceInfo$lambda$0: Device info DeviceInfo(widthPixels=1320, heightPixels=2868, widthPoints=440, heightPoints=956)
23:19:56.626 [ INFO] device.IOSDevice.viewHierarchy: Requesting view hierarchy of the screen
23:19:56.744 [TRACE] ios.xctest.XCTestIOSDevice.viewHierarchy$lambda$1: Depth received: 17
23:19:56.744 [ INFO] device.IOSDevice.viewHierarchy: Depth of the screen is 17
23:19:56.745 [ INFO] maestro.cli.runner.MaestroCommandRunner.runCommands$lambda$11: Tap on (Optional) "Not Now" metadata CommandMetadata(numberOfRuns=null, evaluatedCommand=MaestroCommand(tapOnElementCommand=TapOnElementCommand(selector=ElementSelector(textRegex=Not Now, idRegex=null, size=null, below=null, above=null, leftOf=null, rightOf=null, containsChild=null, containsDescendants=null, traits=null, index=null, enabled=null, optional=true, selected=null, checked=null, focused=null, childOf=null, css=null), retryIfNoChange=false, waitUntilVisible=false, longPress=false, repeat=null, waitToSettleTimeoutMs=null, relativePoint=null, label=null, optional=true)), logMessages=[], insight=Insight(message=, level=NONE), aiReasoning=null, labeledCommand=null)
23:19:56.753 [ INFO] ios.xctest.XCTestIOSDevice.deviceInfo$lambda$0: Device info DeviceInfo(widthPixels=1320, heightPixels=2868, widthPoints=440, heightPoints=956)
23:19:56.753 [ INFO] device.IOSDevice.viewHierarchy: Requesting view hierarchy of the screen
23:19:56.861 [TRACE] ios.xctest.XCTestIOSDevice.viewHierarchy$lambda$1: Depth received: 17
23:19:56.861 [ INFO] device.IOSDevice.viewHierarchy: Depth of the screen is 17
23:19:56.862 [ INFO] maestro.cli.runner.MaestroCommandRunner.runCommands$lambda$11: Tap on (Optional) "Not Now" metadata CommandMetadata(numberOfRuns=null, evaluatedCommand=MaestroCommand(tapOnElementCommand=TapOnElementCommand(selector=ElementSelector(textRegex=Not Now, idRegex=null, size=null, below=null, above=null, leftOf=null, rightOf=null, containsChild=null, containsDescendants=null, traits=null, index=null, enabled=null, optional=true, selected=null, checked=null, focused=null, childOf=null, css=null), retryIfNoChange=false, waitUntilVisible=false, longPress=false, repeat=null, waitToSettleTimeoutMs=null, relativePoint=null, label=null, optional=true)), logMessages=[], insight=Insight(message=, level=NONE), aiReasoning=null, labeledCommand=null)
23:19:56.870 [ INFO] ios.xctest.XCTestIOSDevice.deviceInfo$lambda$0: Device info DeviceInfo(widthPixels=1320, heightPixels=2868, widthPoints=440, heightPoints=956)
23:19:56.870 [ INFO] device.IOSDevice.viewHierarchy: Requesting view hierarchy of the screen
23:19:56.986 [TRACE] ios.xctest.XCTestIOSDevice.viewHierarchy$lambda$1: Depth received: 17
23:19:56.986 [ INFO] device.IOSDevice.viewHierarchy: Depth of the screen is 17
23:19:56.987 [ INFO] maestro.cli.runner.MaestroCommandRunner.runCommands$lambda$11: Tap on (Optional) "Not Now" metadata CommandMetadata(numberOfRuns=null, evaluatedCommand=MaestroCommand(tapOnElementCommand=TapOnElementCommand(selector=ElementSelector(textRegex=Not Now, idRegex=null, size=null, below=null, above=null, leftOf=null, rightOf=null, containsChild=null, containsDescendants=null, traits=null, index=null, enabled=null, optional=true, selected=null, checked=null, focused=null, childOf=null, css=null), retryIfNoChange=false, waitUntilVisible=false, longPress=false, repeat=null, waitToSettleTimeoutMs=null, relativePoint=null, label=null, optional=true)), logMessages=[], insight=Insight(message=, level=NONE), aiReasoning=null, labeledCommand=null)
23:19:56.994 [ INFO] ios.xctest.XCTestIOSDevice.deviceInfo$lambda$0: Device info DeviceInfo(widthPixels=1320, heightPixels=2868, widthPoints=440, heightPoints=956)
23:19:56.994 [ INFO] device.IOSDevice.viewHierarchy: Requesting view hierarchy of the screen
23:19:57.110 [TRACE] ios.xctest.XCTestIOSDevice.viewHierarchy$lambda$1: Depth received: 17
23:19:57.110 [ INFO] device.IOSDevice.viewHierarchy: Depth of the screen is 17
23:19:57.111 [ INFO] maestro.cli.runner.MaestroCommandRunner.runCommands$lambda$11: Tap on (Optional) "Not Now" metadata CommandMetadata(numberOfRuns=null, evaluatedCommand=MaestroCommand(tapOnElementCommand=TapOnElementCommand(selector=ElementSelector(textRegex=Not Now, idRegex=null, size=null, below=null, above=null, leftOf=null, rightOf=null, containsChild=null, containsDescendants=null, traits=null, index=null, enabled=null, optional=true, selected=null, checked=null, focused=null, childOf=null, css=null), retryIfNoChange=false, waitUntilVisible=false, longPress=false, repeat=null, waitToSettleTimeoutMs=null, relativePoint=null, label=null, optional=true)), logMessages=[], insight=Insight(message=, level=NONE), aiReasoning=null, labeledCommand=null)
23:19:57.118 [ INFO] ios.xctest.XCTestIOSDevice.deviceInfo$lambda$0: Device info DeviceInfo(widthPixels=1320, heightPixels=2868, widthPoints=440, heightPoints=956)
23:19:57.118 [ INFO] device.IOSDevice.viewHierarchy: Requesting view hierarchy of the screen
23:19:57.228 [TRACE] ios.xctest.XCTestIOSDevice.viewHierarchy$lambda$1: Depth received: 17
23:19:57.228 [ INFO] device.IOSDevice.viewHierarchy: Depth of the screen is 17
23:19:57.228 [ INFO] maestro.cli.runner.MaestroCommandRunner.runCommands$lambda$11: Tap on (Optional) "Not Now" metadata CommandMetadata(numberOfRuns=null, evaluatedCommand=MaestroCommand(tapOnElementCommand=TapOnElementCommand(selector=ElementSelector(textRegex=Not Now, idRegex=null, size=null, below=null, above=null, leftOf=null, rightOf=null, containsChild=null, containsDescendants=null, traits=null, index=null, enabled=null, optional=true, selected=null, checked=null, focused=null, childOf=null, css=null), retryIfNoChange=false, waitUntilVisible=false, longPress=false, repeat=null, waitToSettleTimeoutMs=null, relativePoint=null, label=null, optional=true)), logMessages=[], insight=Insight(message=, level=NONE), aiReasoning=null, labeledCommand=null)
23:19:57.235 [ INFO] ios.xctest.XCTestIOSDevice.deviceInfo$lambda$0: Device info DeviceInfo(widthPixels=1320, heightPixels=2868, widthPoints=440, heightPoints=956)
23:19:57.235 [ INFO] device.IOSDevice.viewHierarchy: Requesting view hierarchy of the screen
23:19:57.345 [TRACE] ios.xctest.XCTestIOSDevice.viewHierarchy$lambda$1: Depth received: 17
23:19:57.345 [ INFO] device.IOSDevice.viewHierarchy: Depth of the screen is 17
23:19:57.345 [ INFO] maestro.cli.runner.MaestroCommandRunner.runCommands$lambda$11: Tap on (Optional) "Not Now" metadata CommandMetadata(numberOfRuns=null, evaluatedCommand=MaestroCommand(tapOnElementCommand=TapOnElementCommand(selector=ElementSelector(textRegex=Not Now, idRegex=null, size=null, below=null, above=null, leftOf=null, rightOf=null, containsChild=null, containsDescendants=null, traits=null, index=null, enabled=null, optional=true, selected=null, checked=null, focused=null, childOf=null, css=null), retryIfNoChange=false, waitUntilVisible=false, longPress=false, repeat=null, waitToSettleTimeoutMs=null, relativePoint=null, label=null, optional=true)), logMessages=[], insight=Insight(message=, level=NONE), aiReasoning=null, labeledCommand=null)
23:19:57.352 [ INFO] ios.xctest.XCTestIOSDevice.deviceInfo$lambda$0: Device info DeviceInfo(widthPixels=1320, heightPixels=2868, widthPoints=440, heightPoints=956)
23:19:57.352 [ INFO] device.IOSDevice.viewHierarchy: Requesting view hierarchy of the screen
23:19:57.460 [TRACE] ios.xctest.XCTestIOSDevice.viewHierarchy$lambda$1: Depth received: 17
23:19:57.460 [ INFO] device.IOSDevice.viewHierarchy: Depth of the screen is 17
23:19:57.460 [ INFO] maestro.cli.runner.MaestroCommandRunner.runCommands$lambda$11: Tap on (Optional) "Not Now" metadata CommandMetadata(numberOfRuns=null, evaluatedCommand=MaestroCommand(tapOnElementCommand=TapOnElementCommand(selector=ElementSelector(textRegex=Not Now, idRegex=null, size=null, below=null, above=null, leftOf=null, rightOf=null, containsChild=null, containsDescendants=null, traits=null, index=null, enabled=null, optional=true, selected=null, checked=null, focused=null, childOf=null, css=null), retryIfNoChange=false, waitUntilVisible=false, longPress=false, repeat=null, waitToSettleTimeoutMs=null, relativePoint=null, label=null, optional=true)), logMessages=[], insight=Insight(message=, level=NONE), aiReasoning=null, labeledCommand=null)
23:19:57.469 [ INFO] ios.xctest.XCTestIOSDevice.deviceInfo$lambda$0: Device info DeviceInfo(widthPixels=1320, heightPixels=2868, widthPoints=440, heightPoints=956)
23:19:57.470 [ INFO] device.IOSDevice.viewHierarchy: Requesting view hierarchy of the screen
23:19:57.578 [TRACE] ios.xctest.XCTestIOSDevice.viewHierarchy$lambda$1: Depth received: 17
23:19:57.578 [ INFO] device.IOSDevice.viewHierarchy: Depth of the screen is 17
23:19:57.578 [ INFO] maestro.cli.runner.MaestroCommandRunner.runCommands$lambda$11: Tap on (Optional) "Not Now" metadata CommandMetadata(numberOfRuns=null, evaluatedCommand=MaestroCommand(tapOnElementCommand=TapOnElementCommand(selector=ElementSelector(textRegex=Not Now, idRegex=null, size=null, below=null, above=null, leftOf=null, rightOf=null, containsChild=null, containsDescendants=null, traits=null, index=null, enabled=null, optional=true, selected=null, checked=null, focused=null, childOf=null, css=null), retryIfNoChange=false, waitUntilVisible=false, longPress=false, repeat=null, waitToSettleTimeoutMs=null, relativePoint=null, label=null, optional=true)), logMessages=[], insight=Insight(message=, level=NONE), aiReasoning=null, labeledCommand=null)
23:19:57.586 [ INFO] ios.xctest.XCTestIOSDevice.deviceInfo$lambda$0: Device info DeviceInfo(widthPixels=1320, heightPixels=2868, widthPoints=440, heightPoints=956)
23:19:57.587 [ INFO] device.IOSDevice.viewHierarchy: Requesting view hierarchy of the screen
23:19:57.698 [TRACE] ios.xctest.XCTestIOSDevice.viewHierarchy$lambda$1: Depth received: 17
23:19:57.699 [ INFO] device.IOSDevice.viewHierarchy: Depth of the screen is 17
23:19:57.699 [ INFO] maestro.cli.runner.MaestroCommandRunner.runCommands$lambda$11: Tap on (Optional) "Not Now" metadata CommandMetadata(numberOfRuns=null, evaluatedCommand=MaestroCommand(tapOnElementCommand=TapOnElementCommand(selector=ElementSelector(textRegex=Not Now, idRegex=null, size=null, below=null, above=null, leftOf=null, rightOf=null, containsChild=null, containsDescendants=null, traits=null, index=null, enabled=null, optional=true, selected=null, checked=null, focused=null, childOf=null, css=null), retryIfNoChange=false, waitUntilVisible=false, longPress=false, repeat=null, waitToSettleTimeoutMs=null, relativePoint=null, label=null, optional=true)), logMessages=[], insight=Insight(message=, level=NONE), aiReasoning=null, labeledCommand=null)
23:19:57.706 [ INFO] ios.xctest.XCTestIOSDevice.deviceInfo$lambda$0: Device info DeviceInfo(widthPixels=1320, heightPixels=2868, widthPoints=440, heightPoints=956)
23:19:57.706 [ INFO] device.IOSDevice.viewHierarchy: Requesting view hierarchy of the screen
23:19:57.811 [TRACE] ios.xctest.XCTestIOSDevice.viewHierarchy$lambda$1: Depth received: 17
23:19:57.811 [ INFO] device.IOSDevice.viewHierarchy: Depth of the screen is 17
23:19:57.811 [ INFO] maestro.cli.runner.MaestroCommandRunner.runCommands$lambda$11: Tap on (Optional) "Not Now" metadata CommandMetadata(numberOfRuns=null, evaluatedCommand=MaestroCommand(tapOnElementCommand=TapOnElementCommand(selector=ElementSelector(textRegex=Not Now, idRegex=null, size=null, below=null, above=null, leftOf=null, rightOf=null, containsChild=null, containsDescendants=null, traits=null, index=null, enabled=null, optional=true, selected=null, checked=null, focused=null, childOf=null, css=null), retryIfNoChange=false, waitUntilVisible=false, longPress=false, repeat=null, waitToSettleTimeoutMs=null, relativePoint=null, label=null, optional=true)), logMessages=[], insight=Insight(message=, level=NONE), aiReasoning=null, labeledCommand=null)
23:19:57.820 [ INFO] ios.xctest.XCTestIOSDevice.deviceInfo$lambda$0: Device info DeviceInfo(widthPixels=1320, heightPixels=2868, widthPoints=440, heightPoints=956)
23:19:57.820 [ INFO] device.IOSDevice.viewHierarchy: Requesting view hierarchy of the screen
23:19:57.922 [TRACE] ios.xctest.XCTestIOSDevice.viewHierarchy$lambda$1: Depth received: 17
23:19:57.922 [ INFO] device.IOSDevice.viewHierarchy: Depth of the screen is 17
23:19:57.922 [ INFO] maestro.cli.runner.MaestroCommandRunner.runCommands$lambda$11: Tap on (Optional) "Not Now" metadata CommandMetadata(numberOfRuns=null, evaluatedCommand=MaestroCommand(tapOnElementCommand=TapOnElementCommand(selector=ElementSelector(textRegex=Not Now, idRegex=null, size=null, below=null, above=null, leftOf=null, rightOf=null, containsChild=null, containsDescendants=null, traits=null, index=null, enabled=null, optional=true, selected=null, checked=null, focused=null, childOf=null, css=null), retryIfNoChange=false, waitUntilVisible=false, longPress=false, repeat=null, waitToSettleTimeoutMs=null, relativePoint=null, label=null, optional=true)), logMessages=[], insight=Insight(message=, level=NONE), aiReasoning=null, labeledCommand=null)
23:19:57.929 [ INFO] ios.xctest.XCTestIOSDevice.deviceInfo$lambda$0: Device info DeviceInfo(widthPixels=1320, heightPixels=2868, widthPoints=440, heightPoints=956)
23:19:57.929 [ INFO] device.IOSDevice.viewHierarchy: Requesting view hierarchy of the screen
23:19:58.042 [TRACE] ios.xctest.XCTestIOSDevice.viewHierarchy$lambda$1: Depth received: 17
23:19:58.043 [ INFO] device.IOSDevice.viewHierarchy: Depth of the screen is 17
23:19:58.043 [ INFO] maestro.cli.runner.MaestroCommandRunner.runCommands$lambda$11: Tap on (Optional) "Not Now" metadata CommandMetadata(numberOfRuns=null, evaluatedCommand=MaestroCommand(tapOnElementCommand=TapOnElementCommand(selector=ElementSelector(textRegex=Not Now, idRegex=null, size=null, below=null, above=null, leftOf=null, rightOf=null, containsChild=null, containsDescendants=null, traits=null, index=null, enabled=null, optional=true, selected=null, checked=null, focused=null, childOf=null, css=null), retryIfNoChange=false, waitUntilVisible=false, longPress=false, repeat=null, waitToSettleTimeoutMs=null, relativePoint=null, label=null, optional=true)), logMessages=[], insight=Insight(message=, level=NONE), aiReasoning=null, labeledCommand=null)
23:19:58.051 [ INFO] ios.xctest.XCTestIOSDevice.deviceInfo$lambda$0: Device info DeviceInfo(widthPixels=1320, heightPixels=2868, widthPoints=440, heightPoints=956)
23:19:58.051 [ INFO] device.IOSDevice.viewHierarchy: Requesting view hierarchy of the screen
23:19:58.167 [TRACE] ios.xctest.XCTestIOSDevice.viewHierarchy$lambda$1: Depth received: 17
23:19:58.167 [ INFO] device.IOSDevice.viewHierarchy: Depth of the screen is 17
23:19:58.167 [ INFO] maestro.cli.runner.MaestroCommandRunner.runCommands$lambda$11: Tap on (Optional) "Not Now" metadata CommandMetadata(numberOfRuns=null, evaluatedCommand=MaestroCommand(tapOnElementCommand=TapOnElementCommand(selector=ElementSelector(textRegex=Not Now, idRegex=null, size=null, below=null, above=null, leftOf=null, rightOf=null, containsChild=null, containsDescendants=null, traits=null, index=null, enabled=null, optional=true, selected=null, checked=null, focused=null, childOf=null, css=null), retryIfNoChange=false, waitUntilVisible=false, longPress=false, repeat=null, waitToSettleTimeoutMs=null, relativePoint=null, label=null, optional=true)), logMessages=[], insight=Insight(message=, level=NONE), aiReasoning=null, labeledCommand=null)
23:19:58.178 [ INFO] ios.xctest.XCTestIOSDevice.deviceInfo$lambda$0: Device info DeviceInfo(widthPixels=1320, heightPixels=2868, widthPoints=440, heightPoints=956)
23:19:58.178 [ INFO] device.IOSDevice.viewHierarchy: Requesting view hierarchy of the screen
23:19:58.293 [TRACE] ios.xctest.XCTestIOSDevice.viewHierarchy$lambda$1: Depth received: 17
23:19:58.293 [ INFO] device.IOSDevice.viewHierarchy: Depth of the screen is 17
23:19:58.293 [ INFO] maestro.cli.runner.MaestroCommandRunner.runCommands$lambda$11: Tap on (Optional) "Not Now" metadata CommandMetadata(numberOfRuns=null, evaluatedCommand=MaestroCommand(tapOnElementCommand=TapOnElementCommand(selector=ElementSelector(textRegex=Not Now, idRegex=null, size=null, below=null, above=null, leftOf=null, rightOf=null, containsChild=null, containsDescendants=null, traits=null, index=null, enabled=null, optional=true, selected=null, checked=null, focused=null, childOf=null, css=null), retryIfNoChange=false, waitUntilVisible=false, longPress=false, repeat=null, waitToSettleTimeoutMs=null, relativePoint=null, label=null, optional=true)), logMessages=[], insight=Insight(message=, level=NONE), aiReasoning=null, labeledCommand=null)
23:19:58.293 [ INFO] maestro.orchestra.Orchestra.executeCommands: [Command execution] CommandWarned: Element not found: Text matching regex: Not Now
23:19:58.293 [ INFO] maestro.cli.runner.MaestroCommandRunner.runCommands$lambda$11: Tap on (Optional) "Not Now" metadata CommandMetadata(numberOfRuns=null, evaluatedCommand=MaestroCommand(tapOnElementCommand=TapOnElementCommand(selector=ElementSelector(textRegex=Not Now, idRegex=null, size=null, below=null, above=null, leftOf=null, rightOf=null, containsChild=null, containsDescendants=null, traits=null, index=null, enabled=null, optional=true, selected=null, checked=null, focused=null, childOf=null, css=null), retryIfNoChange=false, waitUntilVisible=false, longPress=false, repeat=null, waitToSettleTimeoutMs=null, relativePoint=null, label=null, optional=true)), logMessages=[], insight=Insight(message=Element not found: Text matching regex: Not Now, level=WARNING), aiReasoning=null, labeledCommand=null)
23:19:58.293 [ INFO] maestro.cli.runner.MaestroCommandRunner.runCommands$lambda$6: Tap on (Optional) "Not Now" WARNED
23:19:58.296 [ INFO] maestro.Maestro.takeScreenshot: Taking screenshot
23:19:58.296 [TRACE] maestro.utils.ScreenshotUtils.takeScreenshot: Taking screenshot to output sink
23:19:58.404 [ INFO] maestro.cli.runner.MaestroCommandRunner.runCommands$lambda$0: Tap on (Optional) "Don.*Allow" RUNNING
23:19:58.404 [ INFO] maestro.cli.runner.MaestroCommandRunner.runCommands$lambda$11: Tap on (Optional) "Don.*Allow" metadata CommandMetadata(numberOfRuns=null, evaluatedCommand=MaestroCommand(tapOnElementCommand=TapOnElementCommand(selector=ElementSelector(textRegex=Don.*Allow, idRegex=null, size=null, below=null, above=null, leftOf=null, rightOf=null, containsChild=null, containsDescendants=null, traits=null, index=null, enabled=null, optional=true, selected=null, checked=null, focused=null, childOf=null, css=null), retryIfNoChange=false, waitUntilVisible=false, longPress=false, repeat=null, waitToSettleTimeoutMs=null, relativePoint=null, label=null, optional=true)), logMessages=[], insight=Insight(message=, level=NONE), aiReasoning=null, labeledCommand=null)
23:19:58.412 [ INFO] ios.xctest.XCTestIOSDevice.deviceInfo$lambda$0: Device info DeviceInfo(widthPixels=1320, heightPixels=2868, widthPoints=440, heightPoints=956)
23:19:58.412 [ INFO] device.IOSDevice.viewHierarchy: Requesting view hierarchy of the screen
23:19:58.523 [TRACE] ios.xctest.XCTestIOSDevice.viewHierarchy$lambda$1: Depth received: 17
23:19:58.523 [ INFO] device.IOSDevice.viewHierarchy: Depth of the screen is 17
23:19:58.523 [ INFO] maestro.cli.runner.MaestroCommandRunner.runCommands$lambda$11: Tap on (Optional) "Don.*Allow" metadata CommandMetadata(numberOfRuns=null, evaluatedCommand=MaestroCommand(tapOnElementCommand=TapOnElementCommand(selector=ElementSelector(textRegex=Don.*Allow, idRegex=null, size=null, below=null, above=null, leftOf=null, rightOf=null, containsChild=null, containsDescendants=null, traits=null, index=null, enabled=null, optional=true, selected=null, checked=null, focused=null, childOf=null, css=null), retryIfNoChange=false, waitUntilVisible=false, longPress=false, repeat=null, waitToSettleTimeoutMs=null, relativePoint=null, label=null, optional=true)), logMessages=[], insight=Insight(message=, level=NONE), aiReasoning=null, labeledCommand=null)
23:19:58.532 [ INFO] ios.xctest.XCTestIOSDevice.deviceInfo$lambda$0: Device info DeviceInfo(widthPixels=1320, heightPixels=2868, widthPoints=440, heightPoints=956)
23:19:58.532 [ INFO] device.IOSDevice.viewHierarchy: Requesting view hierarchy of the screen
23:19:58.685 [TRACE] ios.xctest.XCTestIOSDevice.viewHierarchy$lambda$1: Depth received: 17
23:19:58.685 [ INFO] device.IOSDevice.viewHierarchy: Depth of the screen is 17
23:19:58.686 [ INFO] maestro.cli.runner.MaestroCommandRunner.runCommands$lambda$11: Tap on (Optional) "Don.*Allow" metadata CommandMetadata(numberOfRuns=null, evaluatedCommand=MaestroCommand(tapOnElementCommand=TapOnElementCommand(selector=ElementSelector(textRegex=Don.*Allow, idRegex=null, size=null, below=null, above=null, leftOf=null, rightOf=null, containsChild=null, containsDescendants=null, traits=null, index=null, enabled=null, optional=true, selected=null, checked=null, focused=null, childOf=null, css=null), retryIfNoChange=false, waitUntilVisible=false, longPress=false, repeat=null, waitToSettleTimeoutMs=null, relativePoint=null, label=null, optional=true)), logMessages=[], insight=Insight(message=, level=NONE), aiReasoning=null, labeledCommand=null)
23:19:58.686 [ INFO] maestro.orchestra.Orchestra.executeCommands: [Command execution] CommandWarned: Element not found: Text matching regex: Don.*Allow
23:19:58.686 [ INFO] maestro.cli.runner.MaestroCommandRunner.runCommands$lambda$11: Tap on (Optional) "Don.*Allow" metadata CommandMetadata(numberOfRuns=null, evaluatedCommand=MaestroCommand(tapOnElementCommand=TapOnElementCommand(selector=ElementSelector(textRegex=Don.*Allow, idRegex=null, size=null, below=null, above=null, leftOf=null, rightOf=null, containsChild=null, containsDescendants=null, traits=null, index=null, enabled=null, optional=true, selected=null, checked=null, focused=null, childOf=null, css=null), retryIfNoChange=false, waitUntilVisible=false, longPress=false, repeat=null, waitToSettleTimeoutMs=null, relativePoint=null, label=null, optional=true)), logMessages=[], insight=Insight(message=Element not found: Text matching regex: Don.*Allow, level=WARNING), aiReasoning=null, labeledCommand=null)
23:19:58.686 [ INFO] maestro.cli.runner.MaestroCommandRunner.runCommands$lambda$6: Tap on (Optional) "Don.*Allow" WARNED
23:19:58.687 [ INFO] maestro.Maestro.takeScreenshot: Taking screenshot
23:19:58.687 [TRACE] maestro.utils.ScreenshotUtils.takeScreenshot: Taking screenshot to output sink
23:19:58.784 [ INFO] maestro.cli.runner.MaestroCommandRunner.runCommands$lambda$0: Tap on (Optional) "OK" RUNNING
23:19:58.785 [ INFO] maestro.cli.runner.MaestroCommandRunner.runCommands$lambda$11: Tap on (Optional) "OK" metadata CommandMetadata(numberOfRuns=null, evaluatedCommand=MaestroCommand(tapOnElementCommand=TapOnElementCommand(selector=ElementSelector(textRegex=OK, idRegex=null, size=null, below=null, above=null, leftOf=null, rightOf=null, containsChild=null, containsDescendants=null, traits=null, index=null, enabled=null, optional=true, selected=null, checked=null, focused=null, childOf=null, css=null), retryIfNoChange=false, waitUntilVisible=false, longPress=false, repeat=null, waitToSettleTimeoutMs=null, relativePoint=null, label=null, optional=true)), logMessages=[], insight=Insight(message=, level=NONE), aiReasoning=null, labeledCommand=null)
23:19:58.792 [ INFO] ios.xctest.XCTestIOSDevice.deviceInfo$lambda$0: Device info DeviceInfo(widthPixels=1320, heightPixels=2868, widthPoints=440, heightPoints=956)
23:19:58.792 [ INFO] device.IOSDevice.viewHierarchy: Requesting view hierarchy of the screen
23:19:58.918 [TRACE] ios.xctest.XCTestIOSDevice.viewHierarchy$lambda$1: Depth received: 17
23:19:58.918 [ INFO] device.IOSDevice.viewHierarchy: Depth of the screen is 17
23:19:58.918 [ INFO] maestro.cli.runner.MaestroCommandRunner.runCommands$lambda$11: Tap on (Optional) "OK" metadata CommandMetadata(numberOfRuns=null, evaluatedCommand=MaestroCommand(tapOnElementCommand=TapOnElementCommand(selector=ElementSelector(textRegex=OK, idRegex=null, size=null, below=null, above=null, leftOf=null, rightOf=null, containsChild=null, containsDescendants=null, traits=null, index=null, enabled=null, optional=true, selected=null, checked=null, focused=null, childOf=null, css=null), retryIfNoChange=false, waitUntilVisible=false, longPress=false, repeat=null, waitToSettleTimeoutMs=null, relativePoint=null, label=null, optional=true)), logMessages=[], insight=Insight(message=, level=NONE), aiReasoning=null, labeledCommand=null)
23:19:58.925 [ INFO] ios.xctest.XCTestIOSDevice.deviceInfo$lambda$0: Device info DeviceInfo(widthPixels=1320, heightPixels=2868, widthPoints=440, heightPoints=956)
23:19:58.925 [ INFO] device.IOSDevice.viewHierarchy: Requesting view hierarchy of the screen
23:19:59.043 [TRACE] ios.xctest.XCTestIOSDevice.viewHierarchy$lambda$1: Depth received: 17
23:19:59.043 [ INFO] device.IOSDevice.viewHierarchy: Depth of the screen is 17
23:19:59.043 [ INFO] maestro.cli.runner.MaestroCommandRunner.runCommands$lambda$11: Tap on (Optional) "OK" metadata CommandMetadata(numberOfRuns=null, evaluatedCommand=MaestroCommand(tapOnElementCommand=TapOnElementCommand(selector=ElementSelector(textRegex=OK, idRegex=null, size=null, below=null, above=null, leftOf=null, rightOf=null, containsChild=null, containsDescendants=null, traits=null, index=null, enabled=null, optional=true, selected=null, checked=null, focused=null, childOf=null, css=null), retryIfNoChange=false, waitUntilVisible=false, longPress=false, repeat=null, waitToSettleTimeoutMs=null, relativePoint=null, label=null, optional=true)), logMessages=[], insight=Insight(message=, level=NONE), aiReasoning=null, labeledCommand=null)
23:19:59.043 [ INFO] maestro.orchestra.Orchestra.executeCommands: [Command execution] CommandWarned: Element not found: Text matching regex: OK
23:19:59.043 [ INFO] maestro.cli.runner.MaestroCommandRunner.runCommands$lambda$11: Tap on (Optional) "OK" metadata CommandMetadata(numberOfRuns=null, evaluatedCommand=MaestroCommand(tapOnElementCommand=TapOnElementCommand(selector=ElementSelector(textRegex=OK, idRegex=null, size=null, below=null, above=null, leftOf=null, rightOf=null, containsChild=null, containsDescendants=null, traits=null, index=null, enabled=null, optional=true, selected=null, checked=null, focused=null, childOf=null, css=null), retryIfNoChange=false, waitUntilVisible=false, longPress=false, repeat=null, waitToSettleTimeoutMs=null, relativePoint=null, label=null, optional=true)), logMessages=[], insight=Insight(message=Element not found: Text matching regex: OK, level=WARNING), aiReasoning=null, labeledCommand=null)
23:19:59.043 [ INFO] maestro.cli.runner.MaestroCommandRunner.runCommands$lambda$6: Tap on (Optional) "OK" WARNED
23:19:59.043 [ INFO] maestro.Maestro.takeScreenshot: Taking screenshot
23:19:59.043 [TRACE] maestro.utils.ScreenshotUtils.takeScreenshot: Taking screenshot to output sink
23:19:59.135 [ INFO] maestro.cli.runner.MaestroCommandRunner.runCommands$lambda$0: Assert that id: vault_add_button is visible RUNNING
23:19:59.137 [ INFO] maestro.cli.runner.MaestroCommandRunner.runCommands$lambda$11: Assert that id: vault_add_button is visible metadata CommandMetadata(numberOfRuns=null, evaluatedCommand=MaestroCommand(assertConditionCommand=AssertConditionCommand(condition=Condition(platform=null, visible=ElementSelector(textRegex=null, idRegex=vault_add_button, size=null, below=null, above=null, leftOf=null, rightOf=null, containsChild=null, containsDescendants=null, traits=null, index=null, enabled=null, optional=false, selected=null, checked=null, focused=null, childOf=null, css=null), notVisible=null, scriptCondition=null, label=null), timeout=8000, label=null, optional=false)), logMessages=[], insight=Insight(message=, level=NONE), aiReasoning=null, labeledCommand=null)
23:19:59.144 [ INFO] ios.xctest.XCTestIOSDevice.deviceInfo$lambda$0: Device info DeviceInfo(widthPixels=1320, heightPixels=2868, widthPoints=440, heightPoints=956)
23:19:59.145 [ INFO] device.IOSDevice.viewHierarchy: Requesting view hierarchy of the screen
23:19:59.262 [TRACE] ios.xctest.XCTestIOSDevice.viewHierarchy$lambda$1: Depth received: 17
23:19:59.262 [ INFO] device.IOSDevice.viewHierarchy: Depth of the screen is 17
23:19:59.263 [ INFO] maestro.cli.runner.MaestroCommandRunner.runCommands$lambda$11: Assert that id: vault_add_button is visible metadata CommandMetadata(numberOfRuns=null, evaluatedCommand=MaestroCommand(assertConditionCommand=AssertConditionCommand(condition=Condition(platform=null, visible=ElementSelector(textRegex=null, idRegex=vault_add_button, size=null, below=null, above=null, leftOf=null, rightOf=null, containsChild=null, containsDescendants=null, traits=null, index=null, enabled=null, optional=false, selected=null, checked=null, focused=null, childOf=null, css=null), notVisible=null, scriptCondition=null, label=null), timeout=8000, label=null, optional=false)), logMessages=[], insight=Insight(message=, level=NONE), aiReasoning=null, labeledCommand=null)
23:19:59.265 [ INFO] maestro.cli.runner.MaestroCommandRunner.runCommands$lambda$2: Assert that id: vault_add_button is visible COMPLETED
23:19:59.265 [ INFO] maestro.cli.runner.MaestroCommandRunner.runCommands$lambda$0: Wait for animation to end RUNNING
23:19:59.265 [ INFO] maestro.cli.runner.MaestroCommandRunner.runCommands$lambda$11: Wait for animation to end metadata CommandMetadata(numberOfRuns=null, evaluatedCommand=MaestroCommand(waitForAnimationToEndCommand=WaitForAnimationToEndCommand(timeout=1000, label=null, optional=false)), logMessages=[], insight=Insight(message=, level=NONE), aiReasoning=null, labeledCommand=null)
23:19:59.265 [ INFO] maestro.Maestro.waitForAnimationToEnd: Waiting for animation to end with timeout 1000
23:19:59.266 [TRACE] maestro.utils.ScreenshotUtils.takeScreenshot: Taking screenshot to byte array
23:19:59.266 [TRACE] maestro.utils.ScreenshotUtils.takeScreenshot: Taking screenshot to output sink
23:19:59.454 [TRACE] maestro.utils.ScreenshotUtils.takeScreenshot: Taking screenshot to byte array
23:19:59.454 [TRACE] maestro.utils.ScreenshotUtils.takeScreenshot: Taking screenshot to output sink
23:19:59.857 [ INFO] maestro.cli.runner.MaestroCommandRunner.runCommands$lambda$2: Wait for animation to end COMPLETED
23:19:59.858 [ INFO] maestro.cli.runner.MaestroCommandRunner.runCommands$lambda$0: Take screenshot test_capture RUNNING
23:19:59.858 [ INFO] maestro.cli.runner.MaestroCommandRunner.runCommands$lambda$11: Take screenshot test_capture metadata CommandMetadata(numberOfRuns=null, evaluatedCommand=MaestroCommand(takeScreenshotCommand=TakeScreenshotCommand(path=test_capture, label=null, optional=false)), logMessages=[], insight=Insight(message=, level=NONE), aiReasoning=null, labeledCommand=null)
23:19:59.858 [ INFO] maestro.Maestro.takeScreenshot: Taking screenshot
23:19:59.858 [TRACE] maestro.utils.ScreenshotUtils.takeScreenshot: Taking screenshot to output sink
23:19:59.951 [ INFO] maestro.cli.runner.MaestroCommandRunner.runCommands$lambda$2: Take screenshot test_capture COMPLETED
23:20:00.733 [ERROR] maestro.cli.session.MaestroSessionManager.newSession$lambda$0: Failed to record heartbeat
java.lang.InterruptedException: sleep interrupted
	at java.base/java.lang.Thread.sleep(Native Method) ~[?:?]
	at maestro.cli.session.MaestroSessionManager.newSession$lambda$0(MaestroSessionManager.kt:93) ~[maestro-cli-2.1.0.jar:?]
	at java.base/java.util.concurrent.Executors$RunnableAdapter.call(Executors.java:539) [?:?]
	at java.base/java.util.concurrent.FutureTask.runAndReset(FutureTask.java:305) [?:?]
	at java.base/java.util.concurrent.ScheduledThreadPoolExecutor$ScheduledFutureTask.run(ScheduledThreadPoolExecutor.java:305) [?:?]
	at java.base/java.util.concurrent.ThreadPoolExecutor.runWorker(ThreadPoolExecutor.java:1136) [?:?]
	at java.base/java.util.concurrent.ThreadPoolExecutor$Worker.run(ThreadPoolExecutor.java:635) [?:?]
	at java.base/java.lang.Thread.run(Thread.java:840) [?:?]
